# JRE version: OpenJDK Runtime Environment (8.0_152-b01) (build 1.8.0_152-release-915-b01)
# Java VM: OpenJDK 64-Bit Server VM (25.152-b01 mixed mode windows-amd64 compressed oops)
Heap:
 PSYoungGen      total 221184K, used 140951K [0x00000000e0000000, 0x00000000f1500000, 0x0000000100000000)
  eden space 200704K, 60% used [0x00000000e0000000,0x00000000e7600908,0x00000000ec400000)
  from space 20480K, 98% used [0x00000000f0100000,0x00000000f14a5378,0x00000000f1500000)
  to   space 26624K, 0% used [0x00000000ee100000,0x00000000ee100000,0x00000000efb00000)
 ParOldGen       total 165376K, used 47361K [0x00000000a0000000, 0x00000000aa180000, 0x00000000e0000000)
  object space 165376K, 28% used [0x00000000a0000000,0x00000000a2e407f0,0x00000000aa180000)
 Metaspace       used 73796K, capacity 77298K, committed 77440K, reserved 1116160K
  class space    used 9484K, capacity 10309K, committed 10368K, reserved 1048576K
GC Heap History (10 events):
Event: 11.514 GC heap before
{Heap before GC invocations=13 (full 2):
 PSYoungGen      total 179712K, used 74453K [0x00000000e0000000, 0x00000000ede00000, 0x0000000100000000)
  eden space 162816K, 35% used [0x00000000e0000000,0x00000000e3836180,0x00000000e9f00000)
  from space 16896K, 99% used [0x00000000eb600000,0x00000000ec67f4e0,0x00000000ec680000)
  to   space 23552K, 0% used [0x00000000e9f00000,0x00000000e9f00000,0x00000000eb600000)
 ParOldGen       total 102400K, used 34874K [0x00000000a0000000, 0x00000000a6400000, 0x00000000e0000000)
  object space 102400K, 34% used [0x00000000a0000000,0x00000000a220ea60,0x00000000a6400000)
 Metaspace       used 56412K, capacity 58818K, committed 59008K, reserved 1099776K
  class space    used 7717K, capacity 8297K, committed 8320K, reserved 1048576K
Event: 11.555 GC heap after
Heap after GC invocations=13 (full 2):
 PSYoungGen      total 186368K, used 21732K [0x00000000e0000000, 0x00000000f0e80000, 0x0000000100000000)
  eden space 162816K, 0% used [0x00000000e0000000,0x00000000e0000000,0x00000000e9f00000)
  from space 23552K, 92% used [0x00000000e9f00000,0x00000000eb439208,0x00000000eb600000)
  to   space 26112K, 0% used [0x00000000ef500000,0x00000000ef500000,0x00000000f0e80000)
 ParOldGen       total 102400K, used 34882K [0x00000000a0000000, 0x00000000a6400000, 0x00000000e0000000)
  object space 102400K, 34% used [0x00000000a0000000,0x00000000a2210a60,0x00000000a6400000)
 Metaspace       used 56412K, capacity 58818K, committed 59008K, reserved 1099776K
  class space    used 7717K, capacity 8297K, committed 8320K, reserved 1048576K
}
Event: 11.556 GC heap before
{Heap before GC invocations=14 (full 3):
 PSYoungGen      total 186368K, used 21732K [0x00000000e0000000, 0x00000000f0e80000, 0x0000000100000000)
  eden space 162816K, 0% used [0x00000000e0000000,0x00000000e0000000,0x00000000e9f00000)
  from space 23552K, 92% used [0x00000000e9f00000,0x00000000eb439208,0x00000000eb600000)
  to   space 26112K, 0% used [0x00000000ef500000,0x00000000ef500000,0x00000000f0e80000)
 ParOldGen       total 102400K, used 34882K [0x00000000a0000000, 0x00000000a6400000, 0x00000000e0000000)
  object space 102400K, 34% used [0x00000000a0000000,0x00000000a2210a60,0x00000000a6400000)
 Metaspace       used 56412K, capacity 58818K, committed 59008K, reserved 1099776K
  class space    used 7717K, capacity 8297K, committed 8320K, reserved 1048576K
Event: 11.818 GC heap after
Heap after GC invocations=14 (full 3):
 PSYoungGen      total 186368K, used 0K [0x00000000e0000000, 0x00000000f0e80000, 0x0000000100000000)
  eden space 162816K, 0% used [0x00000000e0000000,0x00000000e0000000,0x00000000e9f00000)
  from space 23552K, 0% used [0x00000000e9f00000,0x00000000e9f00000,0x00000000eb600000)
  to   space 26112K, 0% used [0x00000000ef500000,0x00000000ef500000,0x00000000f0e80000)
 ParOldGen       total 165376K, used 47337K [0x00000000a0000000, 0x00000000aa180000, 0x00000000e0000000)
  object space 165376K, 28% used [0x00000000a0000000,0x00000000a2e3a7f0,0x00000000aa180000)
 Metaspace       used 56412K, capacity 58818K, committed 59008K, reserved 1099776K
  class space    used 7717K, capacity 8297K, committed 8320K, reserved 1048576K
}
Event: 660.987 GC heap before
{Heap before GC invocations=15 (full 3):
 PSYoungGen      total 186368K, used 162816K [0x00000000e0000000, 0x00000000f0e80000, 0x0000000100000000)
  eden space 162816K, 100% used [0x00000000e0000000,0x00000000e9f00000,0x00000000e9f00000)
  from space 23552K, 0% used [0x00000000e9f00000,0x00000000e9f00000,0x00000000eb600000)
  to   space 26112K, 0% used [0x00000000ef500000,0x00000000ef500000,0x00000000f0e80000)
 ParOldGen       total 165376K, used 47337K [0x00000000a0000000, 0x00000000aa180000, 0x00000000e0000000)
  object space 165376K, 28% used [0x00000000a0000000,0x00000000a2e3a7f0,0x00000000aa180000)
 Metaspace       used 61107K, capacity 63868K, committed 64000K, reserved 1103872K
  class space    used 8155K, capacity 8840K, committed 8960K, reserved 1048576K
Event: 660.996 GC heap after
Heap after GC invocations=15 (full 3):
 PSYoungGen      total 207872K, used 7346K [0x00000000e0000000, 0x00000000efc80000, 0x0000000100000000)
  eden space 200192K, 0% used [0x00000000e0000000,0x00000000e0000000,0x00000000ec380000)
  from space 7680K, 95% used [0x00000000ef500000,0x00000000efc2cb08,0x00000000efc80000)
  to   space 25600K, 0% used [0x00000000eca80000,0x00000000eca80000,0x00000000ee380000)
 ParOldGen       total 165376K, used 47345K [0x00000000a0000000, 0x00000000aa180000, 0x00000000e0000000)
  object space 165376K, 28% used [0x00000000a0000000,0x00000000a2e3c7f0,0x00000000aa180000)
 Metaspace       used 61107K, capacity 63868K, committed 64000K, reserved 1103872K
  class space    used 8155K, capacity 8840K, committed 8960K, reserved 1048576K
}
Event: 6600.911 GC heap before
{Heap before GC invocations=16 (full 3):
 PSYoungGen      total 207872K, used 207538K [0x00000000e0000000, 0x00000000efc80000, 0x0000000100000000)
  eden space 200192K, 100% used [0x00000000e0000000,0x00000000ec380000,0x00000000ec380000)
  from space 7680K, 95% used [0x00000000ef500000,0x00000000efc2cb08,0x00000000efc80000)
  to   space 25600K, 0% used [0x00000000eca80000,0x00000000eca80000,0x00000000ee380000)
 ParOldGen       total 165376K, used 47345K [0x00000000a0000000, 0x00000000aa180000, 0x00000000e0000000)
  object space 165376K, 28% used [0x00000000a0000000,0x00000000a2e3c7f0,0x00000000aa180000)
 Metaspace       used 62019K, capacity 65128K, committed 65408K, reserved 1105920K
  class space    used 8231K, capacity 9016K, committed 9088K, reserved 1048576K
Event: 6600.953 GC heap after
Heap after GC invocations=16 (full 3):
 PSYoungGen      total 232960K, used 10104K [0x00000000e0000000, 0x00000000f1900000, 0x0000000100000000)
  eden space 207360K, 0% used [0x00000000e0000000,0x00000000e0000000,0x00000000eca80000)
  from space 25600K, 39% used [0x00000000eca80000,0x00000000ed45e380,0x00000000ee380000)
  to   space 24576K, 0% used [0x00000000f0100000,0x00000000f0100000,0x00000000f1900000)
 ParOldGen       total 165376K, used 47353K [0x00000000a0000000, 0x00000000aa180000, 0x00000000e0000000)
  object space 165376K, 28% used [0x00000000a0000000,0x00000000a2e3e7f0,0x00000000aa180000)
 Metaspace       used 62019K, capacity 65128K, committed 65408K, reserved 1105920K
  class space    used 8231K, capacity 9016K, committed 9088K, reserved 1048576K
}
Event: 6619.012 GC heap before
{Heap before GC invocations=17 (full 3):
 PSYoungGen      total 232960K, used 217464K [0x00000000e0000000, 0x00000000f1900000, 0x0000000100000000)
  eden space 207360K, 100% used [0x00000000e0000000,0x00000000eca80000,0x00000000eca80000)
  from space 25600K, 39% used [0x00000000eca80000,0x00000000ed45e380,0x00000000ee380000)
  to   space 24576K, 0% used [0x00000000f0100000,0x00000000f0100000,0x00000000f1900000)
 ParOldGen       total 165376K, used 47353K [0x00000000a0000000, 0x00000000aa180000, 0x00000000e0000000)
  object space 165376K, 28% used [0x00000000a0000000,0x00000000a2e3e7f0,0x00000000aa180000)
 Metaspace       used 68764K, capacity 72040K, committed 72064K, reserved 1112064K
  class space    used 9047K, capacity 9850K, committed 9856K, reserved 1048576K
Event: 6619.043 GC heap after
Heap after GC invocations=17 (full 3):
 PSYoungGen      total 221184K, used 20116K [0x00000000e0000000, 0x00000000f1500000, 0x0000000100000000)
  eden space 200704K, 0% used [0x00000000e0000000,0x00000000e0000000,0x00000000ec400000)
  from space 20480K, 98% used [0x00000000f0100000,0x00000000f14a5378,0x00000000f1500000)
  to   space 26624K, 0% used [0x00000000ee100000,0x00000000ee100000,0x00000000efb00000)
 ParOldGen       total 165376K, used 47361K [0x00000000a0000000, 0x00000000aa180000, 0x00000000e0000000)
  object space 165376K, 28% used [0x00000000a0000000,0x00000000a2e407f0,0x00000000aa180000)
 Metaspace       used 68764K, capacity 72040K, committed 72064K, reserved 1112064K
  class space    used 9047K, capacity 9850K, committed 9856K, reserved 1048576K
}

